Arguments: 
  /Users/sjh/.nvm/versions/node/v12.13.1/bin/node /Users/sjh/.npm-global/bin/yarn

PATH: 
  /Users/sjh/.npm-global/bin:/bin:/usr/bin:/usr/local/bin:/Users/sjh/.nvm/versions/node/v12.13.1/bin:/Users/sjh/.npm-global/bin:/Library/Frameworks/Python.framework/Versions/3.7/bin:/usr/local/bin:/usr/bin:/bin:/usr/sbin:/sbin:/Library/Apple/usr/bin:/Library/Apple/bin:/Library/Frameworks/Mono.framework/Versions/Current/Commands:/Users/sjh/flutter/bin:/Library/Frameworks/Mono.framework/Versions/6.0.0/bin:/Users/sjh/.android-sdk-macosx/platform-tools/:/usr/local/bin

Yarn version: 
  1.17.3

Node version: 
  12.13.1

Platform: 
  darwin x64

Trace: 
  Error: ENOENT: no such file or directory, copyfile '/usr/local/share/Library/Caches/Yarn/v4/npm-ansi-regex-2.1.1-c3b33ab5ee360d86e0e628f0468ae7ef27d654df/node_modules/ansi-regex/index.js' -> '/Users/sjh/Documents/filemanager-plugin/example/webpack/node_modules/renderkid/node_modules/ansi-regex/index.js'

npm manifest: 
  {
    "name": "webpack-example",
    "version": "1.0.2",
    "description": "This is an example",
    "main": "./src/index.js",
    "license": "ISC",
    "scripts": {
      "start": "webpack-dev-server --mode development --config webpack.config.js",
      "build": "webpack --mode production --config webpack.config.js",
      "postinstall": "npm dedupe"
    },
    "devDependencies": {
      "@babel/core": "^7.11.6",
      "@babel/preset-env": "^7.11.5",
      "babel-loader": "^8.1.0",
      "filemanager-plugin": "^2.5.1",
      "html-webpack-plugin": "^4.5.0",
      "webpack": "^4.44.2",
      "webpack-cli": "^3.3.12",
      "webpack-dev-server": "^3.11.0"
    }
  }

yarn manifest: 
  No manifest

Lockfile: 
  No lockfile
